2023-02-08T08:37:53+00:00 CRITICAL Uncaught Error: Call to a member function get_results() on null in /var/www/wp-content/plugins/functions/functions.php:164
Stack trace:
#0 /var/www/wp-includes/class-wp-hook.php(308): is_user_registered('')
#1 /var/www/wp-includes/class-wp-hook.php(332): WP_Hook->apply_filters(NULL, Array)
#2 /var/www/wp-includes/plugin.php(517): WP_Hook->do_action(Array)
#3 /var/www/wp-settings.php(617): do_action('init')
#4 /var/www/wp-config.php(105): require_once('/var/www/wp-set...')
#5 /var/www/wp-load.php(50): require_once('/var/www/wp-con...')
#6 /var/www/wp-blog-header.php(13): require_once('/var/www/wp-loa...')
#7 /var/www/index.php(17): require('/var/www/wp-blo...')
#8 {main}
  thrown in /var/www/wp-content/plugins/functions/functions.php on line 164

2023-02-08T08:44:34+00:00 CRITICAL Uncaught Error: Cannot use object of type WP_User as array in /var/www/wp-content/plugins/functions/functions.php:177
Stack trace:
#0 /var/www/wp-includes/class-wp-hook.php(308): is_user_registered('')
#1 /var/www/wp-includes/class-wp-hook.php(332): WP_Hook->apply_filters(NULL, Array)
#2 /var/www/wp-includes/plugin.php(517): WP_Hook->do_action(Array)
#3 /var/www/wp-settings.php(617): do_action('init')
#4 /var/www/wp-config.php(105): require_once('/var/www/wp-set...')
#5 /var/www/wp-load.php(50): require_once('/var/www/wp-con...')
#6 /var/www/wp-blog-header.php(13): require_once('/var/www/wp-loa...')
#7 /var/www/index.php(17): require('/var/www/wp-blo...')
#8 {main}
  thrown in /var/www/wp-content/plugins/functions/functions.php on line 177

2023-02-08T08:48:02+00:00 CRITICAL Uncaught Error: Object of class WP_User could not be converted to string in /var/www/wp-content/plugins/functions/functions.php:179
Stack trace:
#0 /var/www/wp-includes/class-wp-hook.php(308): is_user_registered('')
#1 /var/www/wp-includes/class-wp-hook.php(332): WP_Hook->apply_filters(NULL, Array)
#2 /var/www/wp-includes/plugin.php(517): WP_Hook->do_action(Array)
#3 /var/www/wp-settings.php(617): do_action('init')
#4 /var/www/wp-config.php(105): require_once('/var/www/wp-set...')
#5 /var/www/wp-load.php(50): require_once('/var/www/wp-con...')
#6 /var/www/wp-blog-header.php(13): require_once('/var/www/wp-loa...')
#7 /var/www/index.php(17): require('/var/www/wp-blo...')
#8 {main}
  thrown in /var/www/wp-content/plugins/functions/functions.php on line 179

2023-02-08T08:55:31+00:00 CRITICAL Uncaught Error: Call to a member function get() on null in /var/www/wp-content/plugins/functions/functions.php:177
Stack trace:
#0 /var/www/wp-includes/class-wp-hook.php(308): is_user_registered('')
#1 /var/www/wp-includes/class-wp-hook.php(332): WP_Hook->apply_filters(NULL, Array)
#2 /var/www/wp-includes/plugin.php(517): WP_Hook->do_action(Array)
#3 /var/www/wp-settings.php(617): do_action('init')
#4 /var/www/wp-config.php(105): require_once('/var/www/wp-set...')
#5 /var/www/wp-load.php(50): require_once('/var/www/wp-con...')
#6 /var/www/wp-blog-header.php(13): require_once('/var/www/wp-loa...')
#7 /var/www/index.php(17): require('/var/www/wp-blo...')
#8 {main}
  thrown in /var/www/wp-content/plugins/functions/functions.php on line 177

